                      :-) GROMACS - gmx mdrun, 2022.3 (-:

Copyright 1991-2022 The GROMACS Authors.
GROMACS is free software; you can redistribute it and/or modify it
under the terms of the GNU Lesser General Public License
as published by the Free Software Foundation; either version 2.1
of the License, or (at your option) any later version.

                         Current GROMACS contributors:
       Mark Abraham           Andrey Alekseenko           Cathrine Bergh      
      Christian Blau            Eliane Briand               Kevin Boyd        
     Oliver Fleetwood         Stefan Fleischmann           Vytas Gapsys       
       Gaurav Garg           Gilles Gouaillardet            Alan Gray         
      Victor Holanda           M. Eric Irrgang              Joe Jordan        
    Christoph Junghans        Prashanth Kanduri           Sebastian Kehl      
     Sebastian Keller          Carsten Kutzner           Magnus Lundborg      
       Pascal Merz              Dmitry Morozov             Szilard Pall       
      Roland Schulz             Michael Shirts         David van der Spoel    
     Alessandra Villa      Sebastian Wingbermuehle        Artem Zhmurov       

                         Previous GROMACS contributors:
        Emile Apol             Rossen Apostolov           James Barnett       
  Herman J.C. Berendsen          Par Bjelkmar           Viacheslav Bolnykh    
    Aldert van Buuren          Carlo Camilloni           Rudi van Drunen      
      Anton Feenstra           Gerrit Groenhof            Bert de Groot       
      Anca Hamuraru           Vincent Hindriksen         Aleksei Iupinov      
   Dimitrios Karkoulis           Peter Kasson               Jiri Kraus        
       Per Larsson             Justin A. Lemkul           Viveca Lindahl      
      Erik Marklund           Pieter Meulenhoff           Vedran Miletic      
      Teemu Murtola              Sander Pronk            Alexey Shvetsov      
      Alfons Sijbers            Peter Tieleman             Jon Vincent        
     Teemu Virolainen         Christian Wennberg           Maarten Wolf       

                  Coordinated by the GROMACS project leaders:
                    Paul Bauer, Berk Hess, and Erik Lindahl

GROMACS:      gmx mdrun, version 2022.3
Executable:   /usr/local/gromacs/bin/gmx
Data prefix:  /usr/local/gromacs
Working dir:  /home/rnar/Gits/phy627/actualProject
Process ID:   17652
Command line:
  gmx mdrun -v -deffnm em

GROMACS version:    2022.3
Precision:          mixed
Memory model:       64 bit
MPI library:        thread_mpi
OpenMP support:     enabled (GMX_OPENMP_MAX_THREADS = 128)
GPU support:        disabled
SIMD instructions:  AVX2_256
CPU FFT library:    fftw-3.3.8-sse2-avx-avx2-avx2_128
GPU FFT library:    none
RDTSCP usage:       enabled
TNG support:        enabled
Hwloc support:      disabled
Tracing support:    disabled
C compiler:         /usr/bin/cc GNU 12.2.0
C compiler flags:   -mavx2 -mfma -Wno-missing-field-initializers -fexcess-precision=fast -funroll-all-loops -O3 -DNDEBUG
C++ compiler:       /usr/bin/c++ GNU 12.2.0
C++ compiler flags: -mavx2 -mfma -Wno-missing-field-initializers -fexcess-precision=fast -funroll-all-loops -fopenmp -O3 -DNDEBUG


Running on 1 node with total 6 cores, 12 processing units
Hardware detected:
  CPU info:
    Vendor: AMD
    Brand:  AMD Ryzen 5 3600 6-Core Processor              
    Family: 23   Model: 113   Stepping: 0
    Features: aes amd apic avx avx2 clfsh cmov cx8 cx16 f16c fma htt lahf misalignsse mmx msr nonstop_tsc pclmuldq pdpe1gb popcnt pse rdrnd rdtscp sha sse2 sse3 sse4a sse4.1 sse4.2 ssse3
  Hardware topology: Basic
    Packages, cores, and logical processors:
    [indices refer to OS logical processors]
      Package  0: [   0   6] [   1   7] [   2   8] [   3   9] [   4  10] [   5  11]
    CPU limit set by OS: -1   Recommended max number of threads: 12


++++ PLEASE READ AND CITE THE FOLLOWING REFERENCE ++++
M. J. Abraham, T. Murtola, R. Schulz, S. Páll, J. C. Smith, B. Hess, E.
Lindahl
GROMACS: High performance molecular simulations through multi-level
parallelism from laptops to supercomputers
SoftwareX 1 (2015) pp. 19-25
-------- -------- --- Thank You --- -------- --------


++++ PLEASE READ AND CITE THE FOLLOWING REFERENCE ++++
S. Páll, M. J. Abraham, C. Kutzner, B. Hess, E. Lindahl
Tackling Exascale Software Challenges in Molecular Dynamics Simulations with
GROMACS
In S. Markidis & E. Laure (Eds.), Solving Software Challenges for Exascale 8759 (2015) pp. 3-27
-------- -------- --- Thank You --- -------- --------


++++ PLEASE READ AND CITE THE FOLLOWING REFERENCE ++++
S. Pronk, S. Páll, R. Schulz, P. Larsson, P. Bjelkmar, R. Apostolov, M. R.
Shirts, J. C. Smith, P. M. Kasson, D. van der Spoel, B. Hess, and E. Lindahl
GROMACS 4.5: a high-throughput and highly parallel open source molecular
simulation toolkit
Bioinformatics 29 (2013) pp. 845-54
-------- -------- --- Thank You --- -------- --------


++++ PLEASE READ AND CITE THE FOLLOWING REFERENCE ++++
B. Hess and C. Kutzner and D. van der Spoel and E. Lindahl
GROMACS 4: Algorithms for highly efficient, load-balanced, and scalable
molecular simulation
J. Chem. Theory Comput. 4 (2008) pp. 435-447
-------- -------- --- Thank You --- -------- --------


++++ PLEASE READ AND CITE THE FOLLOWING REFERENCE ++++
D. van der Spoel, E. Lindahl, B. Hess, G. Groenhof, A. E. Mark and H. J. C.
Berendsen
GROMACS: Fast, Flexible and Free
J. Comp. Chem. 26 (2005) pp. 1701-1719
-------- -------- --- Thank You --- -------- --------


++++ PLEASE READ AND CITE THE FOLLOWING REFERENCE ++++
E. Lindahl and B. Hess and D. van der Spoel
GROMACS 3.0: A package for molecular simulation and trajectory analysis
J. Mol. Mod. 7 (2001) pp. 306-317
-------- -------- --- Thank You --- -------- --------


++++ PLEASE READ AND CITE THE FOLLOWING REFERENCE ++++
H. J. C. Berendsen, D. van der Spoel and R. van Drunen
GROMACS: A message-passing parallel molecular dynamics implementation
Comp. Phys. Comm. 91 (1995) pp. 43-56
-------- -------- --- Thank You --- -------- --------


++++ PLEASE CITE THE DOI FOR THIS VERSION OF GROMACS ++++
https://doi.org/10.5281/zenodo.7037338
-------- -------- --- Thank You --- -------- --------

Input Parameters:
   integrator                     = steep
   tinit                          = 0
   dt                             = 0.001
   nsteps                         = 5000
   init-step                      = 0
   simulation-part                = 1
   mts                            = false
   comm-mode                      = Linear
   nstcomm                        = 100
   bd-fric                        = 0
   ld-seed                        = -570691651
   emtol                          = 1000
   emstep                         = 0.01
   niter                          = 20
   fcstep                         = 0
   nstcgsteep                     = 1000
   nbfgscorr                      = 10
   rtpi                           = 0.05
   nstxout                        = 0
   nstvout                        = 0
   nstfout                        = 0
   nstlog                         = 1000
   nstcalcenergy                  = 100
   nstenergy                      = 1000
   nstxout-compressed             = 0
   compressed-x-precision         = 1000
   cutoff-scheme                  = Verlet
   nstlist                        = 10
   pbc                            = xyz
   periodic-molecules             = false
   verlet-buffer-tolerance        = 0.005
   rlist                          = 1.26
   coulombtype                    = Cut-off
   coulomb-modifier               = Potential-shift
   rcoulomb-switch                = 0
   rcoulomb                       = 1.2
   epsilon-r                      = 1
   epsilon-rf                     = inf
   vdw-type                       = Cut-off
   vdw-modifier                   = Force-switch
   rvdw-switch                    = 1
   rvdw                           = 1.2
   DispCorr                       = No
   table-extension                = 1
   fourierspacing                 = 0.12
   fourier-nx                     = 0
   fourier-ny                     = 0
   fourier-nz                     = 0
   pme-order                      = 4
   ewald-rtol                     = 1e-05
   ewald-rtol-lj                  = 0.001
   lj-pme-comb-rule               = Geometric
   ewald-geometry                 = 3d
   epsilon-surface                = 0
   tcoupl                         = No
   nsttcouple                     = -1
   nh-chain-length                = 0
   print-nose-hoover-chain-variables = false
   pcoupl                         = No
   pcoupltype                     = Isotropic
   nstpcouple                     = -1
   tau-p                          = 1
   compressibility (3x3):
      compressibility[    0]={ 0.00000e+00,  0.00000e+00,  0.00000e+00}
      compressibility[    1]={ 0.00000e+00,  0.00000e+00,  0.00000e+00}
      compressibility[    2]={ 0.00000e+00,  0.00000e+00,  0.00000e+00}
   ref-p (3x3):
      ref-p[    0]={ 0.00000e+00,  0.00000e+00,  0.00000e+00}
      ref-p[    1]={ 0.00000e+00,  0.00000e+00,  0.00000e+00}
      ref-p[    2]={ 0.00000e+00,  0.00000e+00,  0.00000e+00}
   refcoord-scaling               = No
   posres-com (3):
      posres-com[0]= 0.00000e+00
      posres-com[1]= 0.00000e+00
      posres-com[2]= 0.00000e+00
   posres-comB (3):
      posres-comB[0]= 0.00000e+00
      posres-comB[1]= 0.00000e+00
      posres-comB[2]= 0.00000e+00
   QMMM                           = false
qm-opts:
   ngQM                           = 0
   constraint-algorithm           = Lincs
   continuation                   = false
   Shake-SOR                      = false
   shake-tol                      = 0.0001
   lincs-order                    = 4
   lincs-iter                     = 1
   lincs-warnangle                = 30
   nwall                          = 0
   wall-type                      = 9-3
   wall-r-linpot                  = -1
   wall-atomtype[0]               = -1
   wall-atomtype[1]               = -1
   wall-density[0]                = 0
   wall-density[1]                = 0
   wall-ewald-zfac                = 3
   pull                           = false
   awh                            = false
   rotation                       = false
   interactiveMD                  = false
   disre                          = No
   disre-weighting                = Conservative
   disre-mixed                    = false
   dr-fc                          = 1000
   dr-tau                         = 0
   nstdisreout                    = 100
   orire-fc                       = 0
   orire-tau                      = 0
   nstorireout                    = 100
   free-energy                    = no
   cos-acceleration               = 0
   deform (3x3):
      deform[    0]={ 0.00000e+00,  0.00000e+00,  0.00000e+00}
      deform[    1]={ 0.00000e+00,  0.00000e+00,  0.00000e+00}
      deform[    2]={ 0.00000e+00,  0.00000e+00,  0.00000e+00}
   simulated-tempering            = false
   swapcoords                     = no
   userint1                       = 0
   userint2                       = 0
   userint3                       = 0
   userint4                       = 0
   userreal1                      = 0
   userreal2                      = 0
   userreal3                      = 0
   userreal4                      = 0
   applied-forces:
     electric-field:
       x:
         E0                       = 0
         omega                    = 0
         t0                       = 0
         sigma                    = 0
       y:
         E0                       = 0
         omega                    = 0
         t0                       = 0
         sigma                    = 0
       z:
         E0                       = 0
         omega                    = 0
         t0                       = 0
         sigma                    = 0
     density-guided-simulation:
       active                     = false
       group                      = protein
       similarity-measure         = inner-product
       atom-spreading-weight      = unity
       force-constant             = 1e+09
       gaussian-transform-spreading-width = 0.2
       gaussian-transform-spreading-range-in-multiples-of-width = 4
       reference-density-filename = reference.mrc
       nst                        = 1
       normalize-densities        = true
       adaptive-force-scaling     = false
       adaptive-force-scaling-time-constant = 4
       shift-vector               = 
       transformation-matrix      = 
     qmmm-cp2k:
       active                     = false
       qmgroup                    = System
       qmmethod                   = PBE
       qmfilenames                = 
       qmcharge                   = 0
       qmmultiplicity             = 1
grpopts:
   nrdf:        5997
   ref-t:           0
   tau-t:           0
annealing:          No
annealing-npoints:           0
   acc:	           0           0           0
   nfreeze:           N           N           N
   energygrp-flags[  0]: 0

When checking whether update groups are usable:
  Domain decomposition is not active, so there is no need for update groups
  No constraints or virtual sites are in use, so it is best not to use update groups
Using 1 MPI thread
Using 12 OpenMP threads 

Pinning threads with an auto-selected logical cpu stride of 1
System total charge: 0.000
Potential shift: LJ r^-12: -2.648e-01 r^-6: -5.349e-01, Coulomb -8e-01


Using SIMD 4x8 nonbonded short-range kernels

Using a 4x8 pair-list setup:
  updated every 10 steps, buffer 0.060 nm, rlist 1.260 nm
Removing pbc first time

Note that activating steepest-descent energy minimization via the integrator .mdp option and the command gmx mdrun may be available in a different form in a future version of GROMACS, e.g. gmx minimize and an .mdp option.
Initiating Steepest Descents
Started Steepest Descents on rank 0 Wed Nov  9 15:33:26 2022


Steepest Descents:
   Tolerance (Fmax)   =  1.00000e+03
   Number of steps    =         5000
           Step           Time
              0        0.00000

   Energies (kJ/mol)
           Bond       G96Angle        LJ (SR)   Coulomb (SR)      Potential
    3.19111e+01    5.48927e+00    5.64347e+07    0.00000e+00    5.64347e+07
 Pressure (bar)
    1.74732e+07

           Step           Time
              1        1.00000

   Energies (kJ/mol)
           Bond       G96Angle        LJ (SR)   Coulomb (SR)      Potential
    3.37557e+01    5.54021e+00    3.72083e+07    0.00000e+00    3.72084e+07
 Pressure (bar)
    1.15497e+07

           Step           Time
              2        2.00000

   Energies (kJ/mol)
           Bond       G96Angle        LJ (SR)   Coulomb (SR)      Potential
    4.53648e+01    5.69660e+00    2.32165e+07    0.00000e+00    2.32166e+07
 Pressure (bar)
    7.23457e+06

           Step           Time
              3        3.00000

   Energies (kJ/mol)
           Bond       G96Angle        LJ (SR)   Coulomb (SR)      Potential
    7.62674e+01    6.04959e+00    1.44738e+07    0.00000e+00    1.44738e+07
 Pressure (bar)
    4.53422e+06

           Step           Time
              4        4.00000

   Energies (kJ/mol)
           Bond       G96Angle        LJ (SR)   Coulomb (SR)      Potential
    1.39957e+02    6.71362e+00    9.17987e+06    0.00000e+00    9.18002e+06
 Pressure (bar)
    2.89577e+06

           Step           Time
              5        5.00000

   Energies (kJ/mol)
           Bond       G96Angle        LJ (SR)   Coulomb (SR)      Potential
    2.67074e+02    7.85004e+00    5.79541e+06    0.00000e+00    5.79568e+06
 Pressure (bar)
    1.84549e+06

           Step           Time
              6        6.00000

   Energies (kJ/mol)
           Bond       G96Angle        LJ (SR)   Coulomb (SR)      Potential
    5.21044e+02    1.00641e+01    3.47593e+06    0.00000e+00    3.47646e+06
 Pressure (bar)
    1.12302e+06

           Step           Time
              7        7.00000

   Energies (kJ/mol)
           Bond       G96Angle        LJ (SR)   Coulomb (SR)      Potential
    8.97153e+02    1.34464e+01    2.15645e+06    0.00000e+00    2.15736e+06
 Pressure (bar)
    7.09887e+05

           Step           Time
              8        8.00000

   Energies (kJ/mol)
           Bond       G96Angle        LJ (SR)   Coulomb (SR)      Potential
    1.31862e+03    1.77859e+01    1.46586e+06    0.00000e+00    1.46720e+06
 Pressure (bar)
    4.92323e+05

           Step           Time
              9        9.00000

   Energies (kJ/mol)
           Bond       G96Angle        LJ (SR)   Coulomb (SR)      Potential
    1.78713e+03    2.31713e+01    1.04756e+06    0.00000e+00    1.04937e+06
 Pressure (bar)
    3.59650e+05

           Step           Time
             10       10.00000

   Energies (kJ/mol)
           Bond       G96Angle        LJ (SR)   Coulomb (SR)      Potential
    1.98374e+03    2.54210e+01    9.14118e+05    0.00000e+00    9.16127e+05
 Pressure (bar)
    3.17182e+05

           Step           Time
             11       11.00000

   Energies (kJ/mol)
           Bond       G96Angle        LJ (SR)   Coulomb (SR)      Potential
    3.15307e+03    4.18299e+01    5.11021e+05    0.00000e+00    5.14216e+05
 Pressure (bar)
    1.87625e+05

           Step           Time
             12       12.00000

   Energies (kJ/mol)
           Bond       G96Angle        LJ (SR)   Coulomb (SR)      Potential
    3.67259e+03    4.91858e+01    4.02989e+05    0.00000e+00    4.06711e+05
 Pressure (bar)
    1.52482e+05

           Step           Time
             13       13.00000

   Energies (kJ/mol)
           Bond       G96Angle        LJ (SR)   Coulomb (SR)      Potential
    5.48974e+03    8.12855e+01    2.53377e+05    0.00000e+00    2.58948e+05
 Pressure (bar)
    1.02268e+05

           Step           Time
             14       14.00000

   Energies (kJ/mol)
           Bond       G96Angle        LJ (SR)   Coulomb (SR)      Potential
    5.53590e+03    8.16825e+01    2.17500e+05    0.00000e+00    2.23118e+05
 Pressure (bar)
    9.10962e+04

           Step           Time
             15       15.00000

   Energies (kJ/mol)
           Bond       G96Angle        LJ (SR)   Coulomb (SR)      Potential
    6.25633e+03    9.34277e+01    1.80004e+05    0.00000e+00    1.86353e+05
 Pressure (bar)
    7.82460e+04

           Step           Time
             16       16.00000

   Energies (kJ/mol)
           Bond       G96Angle        LJ (SR)   Coulomb (SR)      Potential
    6.50327e+03    9.76020e+01    1.63009e+05    0.00000e+00    1.69610e+05
 Pressure (bar)
    7.26248e+04

           Step           Time
             17       17.00000

   Energies (kJ/mol)
           Bond       G96Angle        LJ (SR)   Coulomb (SR)      Potential
    6.84555e+03    1.04514e+02    1.40991e+05    0.00000e+00    1.47941e+05
 Pressure (bar)
    6.52893e+04

           Step           Time
             18       18.00000

   Energies (kJ/mol)
           Bond       G96Angle        LJ (SR)   Coulomb (SR)      Potential
    7.92593e+03    1.26934e+02    1.23417e+05    0.00000e+00    1.31470e+05
 Pressure (bar)
    5.86642e+04

           Step           Time
             19       19.00000

           Step           Time
             20       20.00000

   Energies (kJ/mol)
           Bond       G96Angle        LJ (SR)   Coulomb (SR)      Potential
    8.01482e+03    1.26364e+02    1.05412e+05    0.00000e+00    1.13553e+05
 Pressure (bar)
    5.29667e+04

           Step           Time
             21       21.00000

   Energies (kJ/mol)
           Bond       G96Angle        LJ (SR)   Coulomb (SR)      Potential
    8.30513e+03    1.33583e+02    9.99382e+04    0.00000e+00    1.08377e+05
 Pressure (bar)
    5.09393e+04

           Step           Time
             22       22.00000

           Step           Time
             23       23.00000

   Energies (kJ/mol)
           Bond       G96Angle        LJ (SR)   Coulomb (SR)      Potential
    8.35249e+03    1.34758e+02    9.18208e+04    0.00000e+00    1.00308e+05
 Pressure (bar)
    4.83363e+04

           Step           Time
             24       24.00000

   Energies (kJ/mol)
           Bond       G96Angle        LJ (SR)   Coulomb (SR)      Potential
    8.88444e+03    1.45559e+02    7.51587e+04    0.00000e+00    8.41887e+04
 Pressure (bar)
    4.25452e+04

           Step           Time
             25       25.00000

   Energies (kJ/mol)
           Bond       G96Angle        LJ (SR)   Coulomb (SR)      Potential
    1.17200e+04    2.22135e+02    2.87691e+04    0.00000e+00    4.07112e+04
 Pressure (bar)
    2.57458e+04

           Step           Time
             26       26.00000

   Energies (kJ/mol)
           Bond       G96Angle        LJ (SR)   Coulomb (SR)      Potential
    1.22129e+04    2.38159e+02    2.26553e+04    0.00000e+00    3.51064e+04
 Pressure (bar)
    2.34098e+04

           Step           Time
             27       27.00000

   Energies (kJ/mol)
           Bond       G96Angle        LJ (SR)   Coulomb (SR)      Potential
    1.24071e+04    2.44379e+02    1.87824e+04    0.00000e+00    3.14339e+04
 Pressure (bar)
    2.20676e+04

           Step           Time
             28       28.00000

           Step           Time
             29       29.00000

   Energies (kJ/mol)
           Bond       G96Angle        LJ (SR)   Coulomb (SR)      Potential
    1.26834e+04    2.52966e+02    1.54363e+04    0.00000e+00    2.83727e+04
 Pressure (bar)
    2.08137e+04

           Step           Time
             30       30.00000

   Energies (kJ/mol)
           Bond       G96Angle        LJ (SR)   Coulomb (SR)      Potential
    1.30184e+04    2.67858e+02    1.13247e+04    0.00000e+00    2.46110e+04
 Pressure (bar)
    1.92350e+04

           Step           Time
             31       31.00000

   Energies (kJ/mol)
           Bond       G96Angle        LJ (SR)   Coulomb (SR)      Potential
    1.31606e+04    2.78852e+02    8.86264e+03    0.00000e+00    2.23021e+04
 Pressure (bar)
    1.83314e+04

           Step           Time
             32       32.00000

           Step           Time
             33       33.00000

   Energies (kJ/mol)
           Bond       G96Angle        LJ (SR)   Coulomb (SR)      Potential
    1.33157e+04    2.87698e+02    6.26875e+03    0.00000e+00    1.98722e+04
 Pressure (bar)
    1.73863e+04

           Step           Time
             34       34.00000

   Energies (kJ/mol)
           Bond       G96Angle        LJ (SR)   Coulomb (SR)      Potential
    1.42952e+04    3.31729e+02   -4.36672e+03    0.00000e+00    1.02602e+04
 Pressure (bar)
    1.32465e+04

           Step           Time
             35       35.00000

   Energies (kJ/mol)
           Bond       G96Angle        LJ (SR)   Coulomb (SR)      Potential
    1.47708e+04    3.63696e+02   -9.78451e+03    0.00000e+00    5.34994e+03
 Pressure (bar)
    1.10726e+04

           Step           Time
             36       36.00000

   Energies (kJ/mol)
           Bond       G96Angle        LJ (SR)   Coulomb (SR)      Potential
    1.49178e+04    3.90477e+02   -1.22671e+04    0.00000e+00    3.04115e+03
 Pressure (bar)
    1.00122e+04

           Step           Time
             37       37.00000

   Energies (kJ/mol)
           Bond       G96Angle        LJ (SR)   Coulomb (SR)      Potential
    1.49025e+04    3.96759e+02   -1.39034e+04    0.00000e+00    1.39585e+03
 Pressure (bar)
    9.41019e+03

           Step           Time
             38       38.00000

           Step           Time
             39       39.00000

   Energies (kJ/mol)
           Bond       G96Angle        LJ (SR)   Coulomb (SR)      Potential
    1.49224e+04    4.13066e+02   -1.48788e+04    0.00000e+00    4.56671e+02
 Pressure (bar)
    8.93972e+03

           Step           Time
             40       40.00000

   Energies (kJ/mol)
           Bond       G96Angle        LJ (SR)   Coulomb (SR)      Potential
    1.49022e+04    4.17092e+02   -1.64142e+04    0.00000e+00   -1.09485e+03
 Pressure (bar)
    8.39386e+03

           Step           Time
             41       41.00000

           Step           Time
             42       42.00000

   Energies (kJ/mol)
           Bond       G96Angle        LJ (SR)   Coulomb (SR)      Potential
    1.48548e+04    4.40446e+02   -1.86533e+04    0.00000e+00   -3.35804e+03
 Pressure (bar)
    7.47654e+03

           Step           Time
             43       43.00000

   Energies (kJ/mol)
           Bond       G96Angle        LJ (SR)   Coulomb (SR)      Potential
    1.47375e+04    4.56935e+02   -2.02138e+04    0.00000e+00   -5.01940e+03
 Pressure (bar)
    6.83976e+03

           Step           Time
             44       44.00000

   Energies (kJ/mol)
           Bond       G96Angle        LJ (SR)   Coulomb (SR)      Potential
    1.43404e+04    5.06302e+02   -2.31397e+04    0.00000e+00   -8.29300e+03
 Pressure (bar)
    5.61655e+03

           Step           Time
             45       45.00000

   Energies (kJ/mol)
           Bond       G96Angle        LJ (SR)   Coulomb (SR)      Potential
    1.37662e+04    5.42356e+02   -2.48208e+04    0.00000e+00   -1.05122e+04
 Pressure (bar)
    4.89389e+03

           Step           Time
             46       46.00000

           Step           Time
             47       47.00000

   Energies (kJ/mol)
           Bond       G96Angle        LJ (SR)   Coulomb (SR)      Potential
    1.36196e+04    5.51680e+02   -2.54268e+04    0.00000e+00   -1.12555e+04
 Pressure (bar)
    4.65133e+03

           Step           Time
             48       48.00000

   Energies (kJ/mol)
           Bond       G96Angle        LJ (SR)   Coulomb (SR)      Potential
    1.32385e+04    5.70765e+02   -2.62582e+04    0.00000e+00   -1.24490e+04
 Pressure (bar)
    4.30660e+03

           Step           Time
             49       49.00000

   Energies (kJ/mol)
           Bond       G96Angle        LJ (SR)   Coulomb (SR)      Potential
    1.24684e+04    6.10357e+02   -2.72317e+04    0.00000e+00   -1.41529e+04
 Pressure (bar)
    3.86882e+03

           Step           Time
             50       50.00000

   Energies (kJ/mol)
           Bond       G96Angle        LJ (SR)   Coulomb (SR)      Potential
    1.23122e+04    6.18655e+02   -2.78689e+04    0.00000e+00   -1.49381e+04
 Pressure (bar)
    3.61943e+03

           Step           Time
             51       51.00000

           Step           Time
             52       52.00000

   Energies (kJ/mol)
           Bond       G96Angle        LJ (SR)   Coulomb (SR)      Potential
    1.21119e+04    6.26793e+02   -2.81146e+04    0.00000e+00   -1.53759e+04
 Pressure (bar)
    3.51925e+03

           Step           Time
             53       53.00000

   Energies (kJ/mol)
           Bond       G96Angle        LJ (SR)   Coulomb (SR)      Potential
    1.19355e+04    6.34446e+02   -2.84549e+04    0.00000e+00   -1.58849e+04
 Pressure (bar)
    3.37253e+03

           Step           Time
             54       54.00000

   Energies (kJ/mol)
           Bond       G96Angle        LJ (SR)   Coulomb (SR)      Potential
    1.17174e+04    6.44273e+02   -2.85086e+04    0.00000e+00   -1.61470e+04
 Pressure (bar)
    3.33922e+03

           Step           Time
             55       55.00000

           Step           Time
             56       56.00000

   Energies (kJ/mol)
           Bond       G96Angle        LJ (SR)   Coulomb (SR)      Potential
    1.17029e+04    6.46020e+02   -2.88712e+04    0.00000e+00   -1.65222e+04
 Pressure (bar)
    3.20788e+03

           Step           Time
             57       57.00000

   Energies (kJ/mol)
           Bond       G96Angle        LJ (SR)   Coulomb (SR)      Potential
    1.13923e+04    6.57046e+02   -2.92169e+04    0.00000e+00   -1.71675e+04
 Pressure (bar)
    3.07100e+03

           Step           Time
             58       58.00000

   Energies (kJ/mol)
           Bond       G96Angle        LJ (SR)   Coulomb (SR)      Potential
    1.06342e+04    6.93880e+02   -2.88131e+04    0.00000e+00   -1.74851e+04
 Pressure (bar)
    3.13193e+03

           Step           Time
             59       59.00000

   Energies (kJ/mol)
           Bond       G96Angle        LJ (SR)   Coulomb (SR)      Potential
    1.06186e+04    6.98255e+02   -3.01211e+04    0.00000e+00   -1.88042e+04
 Pressure (bar)
    2.69277e+03

           Step           Time
             60       60.00000

           Step           Time
             61       61.00000

   Energies (kJ/mol)
           Bond       G96Angle        LJ (SR)   Coulomb (SR)      Potential
    1.00464e+04    7.15790e+02   -3.02606e+04    0.00000e+00   -1.94984e+04
 Pressure (bar)
    2.61565e+03

           Step           Time
             62       62.00000

   Energies (kJ/mol)
           Bond       G96Angle        LJ (SR)   Coulomb (SR)      Potential
    1.00296e+04    7.21682e+02   -3.06270e+04    0.00000e+00   -1.98757e+04
 Pressure (bar)
    2.47762e+03

           Step           Time
             63       63.00000

   Energies (kJ/mol)
           Bond       G96Angle        LJ (SR)   Coulomb (SR)      Potential
    9.86936e+03    7.25132e+02   -3.07893e+04    0.00000e+00   -2.01948e+04
 Pressure (bar)
    2.41498e+03

           Step           Time
             64       64.00000

   Energies (kJ/mol)
           Bond       G96Angle        LJ (SR)   Coulomb (SR)      Potential
    9.67159e+03    7.34042e+02   -3.09860e+04    0.00000e+00   -2.05803e+04
 Pressure (bar)
    2.33605e+03

           Step           Time
             65       65.00000

           Step           Time
             66       66.00000

   Energies (kJ/mol)
           Bond       G96Angle        LJ (SR)   Coulomb (SR)      Potential
    9.49287e+03    7.39307e+02   -3.10944e+04    0.00000e+00   -2.08622e+04
 Pressure (bar)
    2.29016e+03

           Step           Time
             67       67.00000

   Energies (kJ/mol)
           Bond       G96Angle        LJ (SR)   Coulomb (SR)      Potential
    9.43378e+03    7.46554e+02   -3.12068e+04    0.00000e+00   -2.10264e+04
 Pressure (bar)
    2.24423e+03

           Step           Time
             68       68.00000

   Energies (kJ/mol)
           Bond       G96Angle        LJ (SR)   Coulomb (SR)      Potential
    9.19360e+03    7.50898e+02   -3.13855e+04    0.00000e+00   -2.14410e+04
 Pressure (bar)
    2.17852e+03

           Step           Time
             69       69.00000

   Energies (kJ/mol)
           Bond       G96Angle        LJ (SR)   Coulomb (SR)      Potential
    8.89079e+03    7.67679e+02   -3.14542e+04    0.00000e+00   -2.17958e+04
 Pressure (bar)
    2.14417e+03

           Step           Time
             70       70.00000

           Step           Time
             71       71.00000

   Energies (kJ/mol)
           Bond       G96Angle        LJ (SR)   Coulomb (SR)      Potential
    8.80886e+03    7.69064e+02   -3.17312e+04    0.00000e+00   -2.21533e+04
 Pressure (bar)
    2.04242e+03

           Step           Time
             72       72.00000

   Energies (kJ/mol)
           Bond       G96Angle        LJ (SR)   Coulomb (SR)      Potential
    8.50408e+03    7.79861e+02   -3.18485e+04    0.00000e+00   -2.25646e+04
 Pressure (bar)
    1.99042e+03

           Step           Time
             73       73.00000

   Energies (kJ/mol)
           Bond       G96Angle        LJ (SR)   Coulomb (SR)      Potential
    8.33017e+03    7.95434e+02   -3.18100e+04    0.00000e+00   -2.26844e+04
 Pressure (bar)
    1.99764e+03

           Step           Time
             74       74.00000

   Energies (kJ/mol)
           Bond       G96Angle        LJ (SR)   Coulomb (SR)      Potential
    8.22855e+03    7.97014e+02   -3.17508e+04    0.00000e+00   -2.27252e+04
 Pressure (bar)
    2.00959e+03

           Step           Time
             75       75.00000

           Step           Time
             76       76.00000

   Energies (kJ/mol)
           Bond       G96Angle        LJ (SR)   Coulomb (SR)      Potential
    8.22248e+03    7.98328e+02   -3.21299e+04    0.00000e+00   -2.31091e+04
 Pressure (bar)
    1.87625e+03

           Step           Time
             77       77.00000

   Energies (kJ/mol)
           Bond       G96Angle        LJ (SR)   Coulomb (SR)      Potential
    7.99813e+03    8.05787e+02   -3.22245e+04    0.00000e+00   -2.34206e+04
 Pressure (bar)
    1.83894e+03

           Step           Time
             78       78.00000

   Energies (kJ/mol)
           Bond       G96Angle        LJ (SR)   Coulomb (SR)      Potential
    7.85529e+03    8.13150e+02   -3.24018e+04    0.00000e+00   -2.37334e+04
 Pressure (bar)
    1.77174e+03

           Step           Time
             79       79.00000

   Energies (kJ/mol)
           Bond       G96Angle        LJ (SR)   Coulomb (SR)      Potential
    7.55927e+03    8.23858e+02   -3.22284e+04    0.00000e+00   -2.38453e+04
 Pressure (bar)
    1.82686e+03

           Step           Time
             80       80.00000

           Step           Time
             81       81.00000

   Energies (kJ/mol)
           Bond       G96Angle        LJ (SR)   Coulomb (SR)      Potential
    7.58676e+03    8.25622e+02   -3.26117e+04    0.00000e+00   -2.41993e+04
 Pressure (bar)
    1.68601e+03

           Step           Time
             82       82.00000

   Energies (kJ/mol)
           Bond       G96Angle        LJ (SR)   Coulomb (SR)      Potential
    7.45339e+03    8.31119e+02   -3.26598e+04    0.00000e+00   -2.43753e+04
 Pressure (bar)
    1.66307e+03

           Step           Time
             83       83.00000

   Energies (kJ/mol)
           Bond       G96Angle        LJ (SR)   Coulomb (SR)      Potential
    7.29132e+03    8.39997e+02   -3.26776e+04    0.00000e+00   -2.45463e+04
 Pressure (bar)
    1.65342e+03

           Step           Time
             84       84.00000

           Step           Time
             85       85.00000

   Energies (kJ/mol)
           Bond       G96Angle        LJ (SR)   Coulomb (SR)      Potential
    7.23176e+03    8.43702e+02   -3.29136e+04    0.00000e+00   -2.48381e+04
 Pressure (bar)
    1.56293e+03

           Step           Time
             86       86.00000

   Energies (kJ/mol)
           Bond       G96Angle        LJ (SR)   Coulomb (SR)      Potential
    7.04162e+03    8.53846e+02   -3.29885e+04    0.00000e+00   -2.50930e+04
 Pressure (bar)
    1.53341e+03

           Step           Time
             87       87.00000

   Energies (kJ/mol)
           Bond       G96Angle        LJ (SR)   Coulomb (SR)      Potential
    6.89077e+03    8.64443e+02   -3.29153e+04    0.00000e+00   -2.51601e+04
 Pressure (bar)
    1.54452e+03

           Step           Time
             88       88.00000

           Step           Time
             89       89.00000

   Energies (kJ/mol)
           Bond       G96Angle        LJ (SR)   Coulomb (SR)      Potential
    6.85393e+03    8.65571e+02   -3.32774e+04    0.00000e+00   -2.55579e+04
 Pressure (bar)
    1.41344e+03

           Step           Time
             90       90.00000

   Energies (kJ/mol)
           Bond       G96Angle        LJ (SR)   Coulomb (SR)      Potential
    6.59923e+03    8.74743e+02   -3.33373e+04    0.00000e+00   -2.58633e+04
 Pressure (bar)
    1.39139e+03

           Step           Time
             91       91.00000

   Energies (kJ/mol)
           Bond       G96Angle        LJ (SR)   Coulomb (SR)      Potential
    6.53068e+03    8.83325e+02   -3.33881e+04    0.00000e+00   -2.59741e+04
 Pressure (bar)
    1.35882e+03

           Step           Time
             92       92.00000

   Energies (kJ/mol)
           Bond       G96Angle        LJ (SR)   Coulomb (SR)      Potential
    6.48147e+03    8.91242e+02   -3.34812e+04    0.00000e+00   -2.61085e+04
 Pressure (bar)
    1.31804e+03

           Step           Time
             93       93.00000

           Step           Time
             94       94.00000

   Energies (kJ/mol)
           Bond       G96Angle        LJ (SR)   Coulomb (SR)      Potential
    6.37932e+03    8.91410e+02   -3.36737e+04    0.00000e+00   -2.64030e+04
 Pressure (bar)
    1.24838e+03


Steepest Descents converged to Fmax < 1000 in 95 steps
Potential Energy  = -2.6402965e+04
Maximum force     =  5.8056024e+02 on atom 741
Norm of force     =  5.1765798e+01
Finished mdrun on rank 0 Wed Nov  9 15:33:26 2022

